2017-12-13T13:27:31+00:00 CRITICAL Maximum execution time of 30 seconds exceeded

2017-12-13T13:34:00+00:00 CRITICAL Maximum execution time of 30 seconds exceeded

2017-12-13T14:29:45+00:00 CRITICAL Maximum execution time of 30 seconds exceeded

2017-12-13T15:39:17+00:00 CRITICAL Maximum execution time of 60 seconds exceeded

2017-12-13T15:48:56+00:00 CRITICAL Maximum execution time of 60 seconds exceeded

2017-12-19T01:30:38+00:00 CRITICAL Uncaught Error: Call to a member function is_rtl() on null in /home/italiana/dev.italianafabbrica.com/wp-includes/script-loader.php:1136
Stack trace:
#0 /home/italiana/dev.italianafabbrica.com/wp-includes/class-wp-hook.php(286): wp_localize_jquery_ui_datepicker('')
#1 /home/italiana/dev.italianafabbrica.com/wp-includes/class-wp-hook.php(310): WP_Hook->apply_filters(NULL, Array)
#2 /home/italiana/dev.italianafabbrica.com/wp-includes/plugin.php(453): WP_Hook->do_action(Array)
#3 /home/italiana/dev.italianafabbrica.com/wp-includes/script-loader.php(1435): do_action('wp_enqueue_scri...')
#4 /home/italiana/dev.italianafabbrica.com/wp-includes/class-wp-customize-manager.php(455): wp_enqueue_scripts()
#5 /home/italiana/dev.italianafabbrica.com/wp-includes/class-wp-customize-manager.php(552): WP_Customize_Manager->wp_die(0, 'Non-existent ch...')
#6 /home/italiana/dev.italianafabbrica.com/wp-includes/class-wp-hook.php(286): WP_Customize_Manager->setup_theme('')
#7 /home/italiana/dev.italianafabbrica.com/wp-includes/cl

2017-12-19T01:31:15+00:00 CRITICAL Uncaught Error: Call to a member function is_rtl() on null in /home/italiana/dev.italianafabbrica.com/wp-includes/script-loader.php:1136
Stack trace:
#0 /home/italiana/dev.italianafabbrica.com/wp-includes/class-wp-hook.php(286): wp_localize_jquery_ui_datepicker('')
#1 /home/italiana/dev.italianafabbrica.com/wp-includes/class-wp-hook.php(310): WP_Hook->apply_filters(NULL, Array)
#2 /home/italiana/dev.italianafabbrica.com/wp-includes/plugin.php(453): WP_Hook->do_action(Array)
#3 /home/italiana/dev.italianafabbrica.com/wp-includes/script-loader.php(1435): do_action('wp_enqueue_scri...')
#4 /home/italiana/dev.italianafabbrica.com/wp-includes/class-wp-customize-manager.php(455): wp_enqueue_scripts()
#5 /home/italiana/dev.italianafabbrica.com/wp-includes/class-wp-customize-manager.php(552): WP_Customize_Manager->wp_die(0, 'Non-existent ch...')
#6 /home/italiana/dev.italianafabbrica.com/wp-includes/class-wp-hook.php(286): WP_Customize_Manager->setup_theme('')
#7 /home/italiana/dev.italianafabbrica.com/wp-includes/cl

2017-12-19T03:05:46+00:00 CRITICAL Uncaught Error: Call to a member function get_type() on boolean in /home/italiana/dev.italianafabbrica.com/wp-content/plugins/yith-woocommerce-product-add-ons/includes/class.yith-wapo-frontend.php:564
Stack trace:
#0 /home/italiana/dev.italianafabbrica.com/wp-includes/class-wp-hook.php(286): YITH_WAPO_Frontend->add_to_cart_validation(true, 58, 1)
#1 /home/italiana/dev.italianafabbrica.com/wp-includes/plugin.php(203): WP_Hook->apply_filters(true, Array)
#2 /home/italiana/dev.italianafabbrica.com/wp-content/plugins/woocommerce/includes/class-wc-ajax.php(363): apply_filters('woocommerce_add...', true, 58, 1)
#3 /home/italiana/dev.italianafabbrica.com/wp-includes/class-wp-hook.php(286): WC_AJAX::add_to_cart('')
#4 /home/italiana/dev.italianafabbrica.com/wp-includes/class-wp-hook.php(310): WP_Hook->apply_filters('', Array)
#5 /home/italiana/dev.italianafabbrica.com/wp-includes/plugin.php(453): WP_Hook->do_action(Array)
#6 /home/italiana/dev.italianafabbrica.com/wp-content/plugins/woocommerce/includes/class-wc-ajax

2017-12-19T03:05:50+00:00 CRITICAL Uncaught Error: Call to a member function get_type() on boolean in /home/italiana/dev.italianafabbrica.com/wp-content/plugins/yith-woocommerce-product-add-ons/includes/class.yith-wapo-frontend.php:564
Stack trace:
#0 /home/italiana/dev.italianafabbrica.com/wp-includes/class-wp-hook.php(286): YITH_WAPO_Frontend->add_to_cart_validation(true, 82, 1)
#1 /home/italiana/dev.italianafabbrica.com/wp-includes/plugin.php(203): WP_Hook->apply_filters(true, Array)
#2 /home/italiana/dev.italianafabbrica.com/wp-content/plugins/woocommerce/includes/class-wc-ajax.php(363): apply_filters('woocommerce_add...', true, 82, 1)
#3 /home/italiana/dev.italianafabbrica.com/wp-includes/class-wp-hook.php(286): WC_AJAX::add_to_cart('')
#4 /home/italiana/dev.italianafabbrica.com/wp-includes/class-wp-hook.php(310): WP_Hook->apply_filters('', Array)
#5 /home/italiana/dev.italianafabbrica.com/wp-includes/plugin.php(453): WP_Hook->do_action(Array)
#6 /home/italiana/dev.italianafabbrica.com/wp-content/plugins/woocommerce/includes/class-wc-ajax

2017-12-19T10:18:34+00:00 CRITICAL Uncaught Error: Call to a member function get_type() on boolean in /home/italiana/dev.italianafabbrica.com/wp-content/plugins/yith-woocommerce-product-add-ons/includes/class.yith-wapo-frontend.php:564
Stack trace:
#0 /home/italiana/dev.italianafabbrica.com/wp-includes/class-wp-hook.php(286): YITH_WAPO_Frontend->add_to_cart_validation(true, 58, 1)
#1 /home/italiana/dev.italianafabbrica.com/wp-includes/plugin.php(203): WP_Hook->apply_filters(true, Array)
#2 /home/italiana/dev.italianafabbrica.com/wp-content/plugins/woocommerce/includes/class-wc-ajax.php(363): apply_filters('woocommerce_add...', true, 58, 1)
#3 /home/italiana/dev.italianafabbrica.com/wp-includes/class-wp-hook.php(286): WC_AJAX::add_to_cart('')
#4 /home/italiana/dev.italianafabbrica.com/wp-includes/class-wp-hook.php(310): WP_Hook->apply_filters('', Array)
#5 /home/italiana/dev.italianafabbrica.com/wp-includes/plugin.php(453): WP_Hook->do_action(Array)
#6 /home/italiana/dev.italianafabbrica.com/wp-content/plugins/woocommerce/includes/class-wc-ajax

2017-12-19T10:18:49+00:00 CRITICAL Uncaught Error: Call to a member function get_type() on boolean in /home/italiana/dev.italianafabbrica.com/wp-content/plugins/yith-woocommerce-product-add-ons/includes/class.yith-wapo-frontend.php:564
Stack trace:
#0 /home/italiana/dev.italianafabbrica.com/wp-includes/class-wp-hook.php(286): YITH_WAPO_Frontend->add_to_cart_validation(true, 56, 1)
#1 /home/italiana/dev.italianafabbrica.com/wp-includes/plugin.php(203): WP_Hook->apply_filters(true, Array)
#2 /home/italiana/dev.italianafabbrica.com/wp-content/plugins/woocommerce/includes/class-wc-ajax.php(363): apply_filters('woocommerce_add...', true, 56, 1)
#3 /home/italiana/dev.italianafabbrica.com/wp-includes/class-wp-hook.php(286): WC_AJAX::add_to_cart('')
#4 /home/italiana/dev.italianafabbrica.com/wp-includes/class-wp-hook.php(310): WP_Hook->apply_filters('', Array)
#5 /home/italiana/dev.italianafabbrica.com/wp-includes/plugin.php(453): WP_Hook->do_action(Array)
#6 /home/italiana/dev.italianafabbrica.com/wp-content/plugins/woocommerce/includes/class-wc-ajax

2017-12-19T10:18:51+00:00 CRITICAL Uncaught Error: Call to a member function get_type() on boolean in /home/italiana/dev.italianafabbrica.com/wp-content/plugins/yith-woocommerce-product-add-ons/includes/class.yith-wapo-frontend.php:564
Stack trace:
#0 /home/italiana/dev.italianafabbrica.com/wp-includes/class-wp-hook.php(286): YITH_WAPO_Frontend->add_to_cart_validation(true, 82, 1)
#1 /home/italiana/dev.italianafabbrica.com/wp-includes/plugin.php(203): WP_Hook->apply_filters(true, Array)
#2 /home/italiana/dev.italianafabbrica.com/wp-content/plugins/woocommerce/includes/class-wc-ajax.php(363): apply_filters('woocommerce_add...', true, 82, 1)
#3 /home/italiana/dev.italianafabbrica.com/wp-includes/class-wp-hook.php(286): WC_AJAX::add_to_cart('')
#4 /home/italiana/dev.italianafabbrica.com/wp-includes/class-wp-hook.php(310): WP_Hook->apply_filters('', Array)
#5 /home/italiana/dev.italianafabbrica.com/wp-includes/plugin.php(453): WP_Hook->do_action(Array)
#6 /home/italiana/dev.italianafabbrica.com/wp-content/plugins/woocommerce/includes/class-wc-ajax

2017-12-19T15:55:58+00:00 CRITICAL Uncaught Error: Call to a member function get_type() on boolean in /home/italiana/dev.italianafabbrica.com/wp-content/plugins/yith-woocommerce-product-add-ons/includes/class.yith-wapo-frontend.php:564
Stack trace:
#0 /home/italiana/dev.italianafabbrica.com/wp-includes/class-wp-hook.php(286): YITH_WAPO_Frontend->add_to_cart_validation(true, 82, 1)
#1 /home/italiana/dev.italianafabbrica.com/wp-includes/plugin.php(203): WP_Hook->apply_filters(true, Array)
#2 /home/italiana/dev.italianafabbrica.com/wp-content/plugins/woocommerce/includes/class-wc-ajax.php(363): apply_filters('woocommerce_add...', true, 82, 1)
#3 /home/italiana/dev.italianafabbrica.com/wp-includes/class-wp-hook.php(286): WC_AJAX::add_to_cart('')
#4 /home/italiana/dev.italianafabbrica.com/wp-includes/class-wp-hook.php(310): WP_Hook->apply_filters('', Array)
#5 /home/italiana/dev.italianafabbrica.com/wp-includes/plugin.php(453): WP_Hook->do_action(Array)
#6 /home/italiana/dev.italianafabbrica.com/wp-content/plugins/woocommerce/includes/class-wc-ajax

2017-12-19T16:46:11+00:00 CRITICAL Uncaught Error: Call to a member function get_type() on boolean in /home/italiana/dev.italianafabbrica.com/wp-content/plugins/yith-woocommerce-product-add-ons/includes/class.yith-wapo-frontend.php:564
Stack trace:
#0 /home/italiana/dev.italianafabbrica.com/wp-includes/class-wp-hook.php(286): YITH_WAPO_Frontend->add_to_cart_validation(true, 82, 1)
#1 /home/italiana/dev.italianafabbrica.com/wp-includes/plugin.php(203): WP_Hook->apply_filters(true, Array)
#2 /home/italiana/dev.italianafabbrica.com/wp-content/plugins/woocommerce/includes/class-wc-ajax.php(363): apply_filters('woocommerce_add...', true, 82, 1)
#3 /home/italiana/dev.italianafabbrica.com/wp-includes/class-wp-hook.php(286): WC_AJAX::add_to_cart('')
#4 /home/italiana/dev.italianafabbrica.com/wp-includes/class-wp-hook.php(310): WP_Hook->apply_filters('', Array)
#5 /home/italiana/dev.italianafabbrica.com/wp-includes/plugin.php(453): WP_Hook->do_action(Array)
#6 /home/italiana/dev.italianafabbrica.com/wp-content/plugins/woocommerce/includes/class-wc-ajax

2017-12-19T16:58:40+00:00 CRITICAL Uncaught Error: Call to a member function get_type() on boolean in /home/italiana/dev.italianafabbrica.com/wp-content/plugins/yith-woocommerce-product-add-ons/includes/class.yith-wapo-frontend.php:564
Stack trace:
#0 /home/italiana/dev.italianafabbrica.com/wp-includes/class-wp-hook.php(286): YITH_WAPO_Frontend->add_to_cart_validation(true, 58, 1)
#1 /home/italiana/dev.italianafabbrica.com/wp-includes/plugin.php(203): WP_Hook->apply_filters(true, Array)
#2 /home/italiana/dev.italianafabbrica.com/wp-content/plugins/woocommerce/includes/class-wc-ajax.php(363): apply_filters('woocommerce_add...', true, 58, 1)
#3 /home/italiana/dev.italianafabbrica.com/wp-includes/class-wp-hook.php(286): WC_AJAX::add_to_cart('')
#4 /home/italiana/dev.italianafabbrica.com/wp-includes/class-wp-hook.php(310): WP_Hook->apply_filters('', Array)
#5 /home/italiana/dev.italianafabbrica.com/wp-includes/plugin.php(453): WP_Hook->do_action(Array)
#6 /home/italiana/dev.italianafabbrica.com/wp-content/plugins/woocommerce/includes/class-wc-ajax

2017-12-19T17:04:44+00:00 CRITICAL Uncaught Error: Call to a member function get_type() on boolean in /home/italiana/dev.italianafabbrica.com/wp-content/plugins/yith-woocommerce-product-add-ons/includes/class.yith-wapo-frontend.php:564
Stack trace:
#0 /home/italiana/dev.italianafabbrica.com/wp-includes/class-wp-hook.php(286): YITH_WAPO_Frontend->add_to_cart_validation(true, 58, 1)
#1 /home/italiana/dev.italianafabbrica.com/wp-includes/plugin.php(203): WP_Hook->apply_filters(true, Array)
#2 /home/italiana/dev.italianafabbrica.com/wp-content/plugins/woocommerce/includes/class-wc-ajax.php(363): apply_filters('woocommerce_add...', true, 58, 1)
#3 /home/italiana/dev.italianafabbrica.com/wp-includes/class-wp-hook.php(286): WC_AJAX::add_to_cart('')
#4 /home/italiana/dev.italianafabbrica.com/wp-includes/class-wp-hook.php(310): WP_Hook->apply_filters('', Array)
#5 /home/italiana/dev.italianafabbrica.com/wp-includes/plugin.php(453): WP_Hook->do_action(Array)
#6 /home/italiana/dev.italianafabbrica.com/wp-content/plugins/woocommerce/includes/class-wc-ajax

2017-12-19T17:07:15+00:00 CRITICAL Uncaught Error: Call to a member function get_type() on boolean in /home/italiana/dev.italianafabbrica.com/wp-content/plugins/yith-woocommerce-product-add-ons/includes/class.yith-wapo-frontend.php:564
Stack trace:
#0 /home/italiana/dev.italianafabbrica.com/wp-includes/class-wp-hook.php(286): YITH_WAPO_Frontend->add_to_cart_validation(true, 82, 1)
#1 /home/italiana/dev.italianafabbrica.com/wp-includes/plugin.php(203): WP_Hook->apply_filters(true, Array)
#2 /home/italiana/dev.italianafabbrica.com/wp-content/plugins/woocommerce/includes/class-wc-ajax.php(363): apply_filters('woocommerce_add...', true, 82, 1)
#3 /home/italiana/dev.italianafabbrica.com/wp-includes/class-wp-hook.php(286): WC_AJAX::add_to_cart('')
#4 /home/italiana/dev.italianafabbrica.com/wp-includes/class-wp-hook.php(310): WP_Hook->apply_filters('', Array)
#5 /home/italiana/dev.italianafabbrica.com/wp-includes/plugin.php(453): WP_Hook->do_action(Array)
#6 /home/italiana/dev.italianafabbrica.com/wp-content/plugins/woocommerce/includes/class-wc-ajax

2017-12-19T17:09:21+00:00 CRITICAL Uncaught Error: Call to a member function get_type() on boolean in /home/italiana/dev.italianafabbrica.com/wp-content/plugins/yith-woocommerce-product-add-ons/includes/class.yith-wapo-frontend.php:564
Stack trace:
#0 /home/italiana/dev.italianafabbrica.com/wp-includes/class-wp-hook.php(286): YITH_WAPO_Frontend->add_to_cart_validation(true, 82, 1)
#1 /home/italiana/dev.italianafabbrica.com/wp-includes/plugin.php(203): WP_Hook->apply_filters(true, Array)
#2 /home/italiana/dev.italianafabbrica.com/wp-content/plugins/woocommerce/includes/class-wc-ajax.php(363): apply_filters('woocommerce_add...', true, 82, 1)
#3 /home/italiana/dev.italianafabbrica.com/wp-includes/class-wp-hook.php(286): WC_AJAX::add_to_cart('')
#4 /home/italiana/dev.italianafabbrica.com/wp-includes/class-wp-hook.php(310): WP_Hook->apply_filters('', Array)
#5 /home/italiana/dev.italianafabbrica.com/wp-includes/plugin.php(453): WP_Hook->do_action(Array)
#6 /home/italiana/dev.italianafabbrica.com/wp-content/plugins/woocommerce/includes/class-wc-ajax

2017-12-19T17:11:09+00:00 CRITICAL Uncaught Error: Call to a member function get_type() on boolean in /home/italiana/dev.italianafabbrica.com/wp-content/plugins/yith-woocommerce-product-add-ons/includes/class.yith-wapo-frontend.php:564
Stack trace:
#0 /home/italiana/dev.italianafabbrica.com/wp-includes/class-wp-hook.php(286): YITH_WAPO_Frontend->add_to_cart_validation(true, 82, 1)
#1 /home/italiana/dev.italianafabbrica.com/wp-includes/plugin.php(203): WP_Hook->apply_filters(true, Array)
#2 /home/italiana/dev.italianafabbrica.com/wp-content/plugins/woocommerce/includes/class-wc-ajax.php(363): apply_filters('woocommerce_add...', true, 82, 1)
#3 /home/italiana/dev.italianafabbrica.com/wp-includes/class-wp-hook.php(286): WC_AJAX::add_to_cart('')
#4 /home/italiana/dev.italianafabbrica.com/wp-includes/class-wp-hook.php(310): WP_Hook->apply_filters('', Array)
#5 /home/italiana/dev.italianafabbrica.com/wp-includes/plugin.php(453): WP_Hook->do_action(Array)
#6 /home/italiana/dev.italianafabbrica.com/wp-content/plugins/woocommerce/includes/class-wc-ajax

2017-12-19T17:12:33+00:00 CRITICAL Uncaught Error: Call to a member function get_type() on boolean in /home/italiana/dev.italianafabbrica.com/wp-content/plugins/yith-woocommerce-product-add-ons/includes/class.yith-wapo-frontend.php:564
Stack trace:
#0 /home/italiana/dev.italianafabbrica.com/wp-includes/class-wp-hook.php(286): YITH_WAPO_Frontend->add_to_cart_validation(true, 82, 1)
#1 /home/italiana/dev.italianafabbrica.com/wp-includes/plugin.php(203): WP_Hook->apply_filters(true, Array)
#2 /home/italiana/dev.italianafabbrica.com/wp-content/plugins/woocommerce/includes/class-wc-ajax.php(363): apply_filters('woocommerce_add...', true, 82, 1)
#3 /home/italiana/dev.italianafabbrica.com/wp-includes/class-wp-hook.php(286): WC_AJAX::add_to_cart('')
#4 /home/italiana/dev.italianafabbrica.com/wp-includes/class-wp-hook.php(310): WP_Hook->apply_filters('', Array)
#5 /home/italiana/dev.italianafabbrica.com/wp-includes/plugin.php(453): WP_Hook->do_action(Array)
#6 /home/italiana/dev.italianafabbrica.com/wp-content/plugins/woocommerce/includes/class-wc-ajax

2017-12-19T17:13:06+00:00 CRITICAL Uncaught Error: Call to a member function get_type() on boolean in /home/italiana/dev.italianafabbrica.com/wp-content/plugins/yith-woocommerce-product-add-ons/includes/class.yith-wapo-frontend.php:564
Stack trace:
#0 /home/italiana/dev.italianafabbrica.com/wp-includes/class-wp-hook.php(286): YITH_WAPO_Frontend->add_to_cart_validation(true, 58, 1)
#1 /home/italiana/dev.italianafabbrica.com/wp-includes/plugin.php(203): WP_Hook->apply_filters(true, Array)
#2 /home/italiana/dev.italianafabbrica.com/wp-content/plugins/woocommerce/includes/class-wc-ajax.php(363): apply_filters('woocommerce_add...', true, 58, 1)
#3 /home/italiana/dev.italianafabbrica.com/wp-includes/class-wp-hook.php(286): WC_AJAX::add_to_cart('')
#4 /home/italiana/dev.italianafabbrica.com/wp-includes/class-wp-hook.php(310): WP_Hook->apply_filters('', Array)
#5 /home/italiana/dev.italianafabbrica.com/wp-includes/plugin.php(453): WP_Hook->do_action(Array)
#6 /home/italiana/dev.italianafabbrica.com/wp-content/plugins/woocommerce/includes/class-wc-ajax

2017-12-19T17:13:09+00:00 CRITICAL Uncaught Error: Call to a member function get_type() on boolean in /home/italiana/dev.italianafabbrica.com/wp-content/plugins/yith-woocommerce-product-add-ons/includes/class.yith-wapo-frontend.php:564
Stack trace:
#0 /home/italiana/dev.italianafabbrica.com/wp-includes/class-wp-hook.php(286): YITH_WAPO_Frontend->add_to_cart_validation(true, 56, 1)
#1 /home/italiana/dev.italianafabbrica.com/wp-includes/plugin.php(203): WP_Hook->apply_filters(true, Array)
#2 /home/italiana/dev.italianafabbrica.com/wp-content/plugins/woocommerce/includes/class-wc-ajax.php(363): apply_filters('woocommerce_add...', true, 56, 1)
#3 /home/italiana/dev.italianafabbrica.com/wp-includes/class-wp-hook.php(286): WC_AJAX::add_to_cart('')
#4 /home/italiana/dev.italianafabbrica.com/wp-includes/class-wp-hook.php(310): WP_Hook->apply_filters('', Array)
#5 /home/italiana/dev.italianafabbrica.com/wp-includes/plugin.php(453): WP_Hook->do_action(Array)
#6 /home/italiana/dev.italianafabbrica.com/wp-content/plugins/woocommerce/includes/class-wc-ajax

2017-12-19T17:13:57+00:00 CRITICAL Uncaught Error: Call to a member function get_type() on boolean in /home/italiana/dev.italianafabbrica.com/wp-content/plugins/yith-woocommerce-product-add-ons/includes/class.yith-wapo-frontend.php:564
Stack trace:
#0 /home/italiana/dev.italianafabbrica.com/wp-includes/class-wp-hook.php(286): YITH_WAPO_Frontend->add_to_cart_validation(true, 82, 1)
#1 /home/italiana/dev.italianafabbrica.com/wp-includes/plugin.php(203): WP_Hook->apply_filters(true, Array)
#2 /home/italiana/dev.italianafabbrica.com/wp-content/plugins/woocommerce/includes/class-wc-ajax.php(363): apply_filters('woocommerce_add...', true, 82, 1)
#3 /home/italiana/dev.italianafabbrica.com/wp-includes/class-wp-hook.php(286): WC_AJAX::add_to_cart('')
#4 /home/italiana/dev.italianafabbrica.com/wp-includes/class-wp-hook.php(310): WP_Hook->apply_filters('', Array)
#5 /home/italiana/dev.italianafabbrica.com/wp-includes/plugin.php(453): WP_Hook->do_action(Array)
#6 /home/italiana/dev.italianafabbrica.com/wp-content/plugins/woocommerce/includes/class-wc-ajax

2017-12-19T17:36:09+00:00 CRITICAL Uncaught Error: Call to a member function get_type() on boolean in /home/italiana/dev.italianafabbrica.com/wp-content/plugins/yith-woocommerce-product-add-ons/includes/class.yith-wapo-frontend.php:564
Stack trace:
#0 /home/italiana/dev.italianafabbrica.com/wp-includes/class-wp-hook.php(286): YITH_WAPO_Frontend->add_to_cart_validation(true, 82, 1)
#1 /home/italiana/dev.italianafabbrica.com/wp-includes/plugin.php(203): WP_Hook->apply_filters(true, Array)
#2 /home/italiana/dev.italianafabbrica.com/wp-content/plugins/woocommerce/includes/class-wc-ajax.php(363): apply_filters('woocommerce_add...', true, 82, 1)
#3 /home/italiana/dev.italianafabbrica.com/wp-includes/class-wp-hook.php(286): WC_AJAX::add_to_cart('')
#4 /home/italiana/dev.italianafabbrica.com/wp-includes/class-wp-hook.php(310): WP_Hook->apply_filters('', Array)
#5 /home/italiana/dev.italianafabbrica.com/wp-includes/plugin.php(453): WP_Hook->do_action(Array)
#6 /home/italiana/dev.italianafabbrica.com/wp-content/plugins/woocommerce/includes/class-wc-ajax

2017-12-19T18:11:38+00:00 CRITICAL Uncaught Error: Call to a member function get_type() on boolean in /home/italiana/dev.italianafabbrica.com/wp-content/plugins/yith-woocommerce-product-add-ons/includes/class.yith-wapo-frontend.php:564
Stack trace:
#0 /home/italiana/dev.italianafabbrica.com/wp-includes/class-wp-hook.php(286): YITH_WAPO_Frontend->add_to_cart_validation(true, 82, 1)
#1 /home/italiana/dev.italianafabbrica.com/wp-includes/plugin.php(203): WP_Hook->apply_filters(true, Array)
#2 /home/italiana/dev.italianafabbrica.com/wp-content/plugins/woocommerce/includes/class-wc-ajax.php(363): apply_filters('woocommerce_add...', true, 82, 1)
#3 /home/italiana/dev.italianafabbrica.com/wp-includes/class-wp-hook.php(286): WC_AJAX::add_to_cart('')
#4 /home/italiana/dev.italianafabbrica.com/wp-includes/class-wp-hook.php(310): WP_Hook->apply_filters('', Array)
#5 /home/italiana/dev.italianafabbrica.com/wp-includes/plugin.php(453): WP_Hook->do_action(Array)
#6 /home/italiana/dev.italianafabbrica.com/wp-content/plugins/woocommerce/includes/class-wc-ajax

2017-12-19T18:14:14+00:00 CRITICAL Uncaught Error: Call to a member function get_type() on boolean in /home/italiana/dev.italianafabbrica.com/wp-content/plugins/yith-woocommerce-product-add-ons/includes/class.yith-wapo-frontend.php:564
Stack trace:
#0 /home/italiana/dev.italianafabbrica.com/wp-includes/class-wp-hook.php(286): YITH_WAPO_Frontend->add_to_cart_validation(true, 82, 1)
#1 /home/italiana/dev.italianafabbrica.com/wp-includes/plugin.php(203): WP_Hook->apply_filters(true, Array)
#2 /home/italiana/dev.italianafabbrica.com/wp-content/plugins/woocommerce/includes/class-wc-ajax.php(363): apply_filters('woocommerce_add...', true, 82, 1)
#3 /home/italiana/dev.italianafabbrica.com/wp-includes/class-wp-hook.php(286): WC_AJAX::add_to_cart('')
#4 /home/italiana/dev.italianafabbrica.com/wp-includes/class-wp-hook.php(310): WP_Hook->apply_filters('', Array)
#5 /home/italiana/dev.italianafabbrica.com/wp-includes/plugin.php(453): WP_Hook->do_action(Array)
#6 /home/italiana/dev.italianafabbrica.com/wp-content/plugins/woocommerce/includes/class-wc-ajax

2017-12-19T18:53:16+00:00 CRITICAL Uncaught Error: Call to a member function get_type() on boolean in /home/italiana/dev.italianafabbrica.com/wp-content/plugins/yith-woocommerce-product-add-ons/includes/class.yith-wapo-frontend.php:564
Stack trace:
#0 /home/italiana/dev.italianafabbrica.com/wp-includes/class-wp-hook.php(286): YITH_WAPO_Frontend->add_to_cart_validation(true, 82, 1)
#1 /home/italiana/dev.italianafabbrica.com/wp-includes/plugin.php(203): WP_Hook->apply_filters(true, Array)
#2 /home/italiana/dev.italianafabbrica.com/wp-content/plugins/woocommerce/includes/class-wc-ajax.php(363): apply_filters('woocommerce_add...', true, 82, 1)
#3 /home/italiana/dev.italianafabbrica.com/wp-includes/class-wp-hook.php(286): WC_AJAX::add_to_cart('')
#4 /home/italiana/dev.italianafabbrica.com/wp-includes/class-wp-hook.php(310): WP_Hook->apply_filters('', Array)
#5 /home/italiana/dev.italianafabbrica.com/wp-includes/plugin.php(453): WP_Hook->do_action(Array)
#6 /home/italiana/dev.italianafabbrica.com/wp-content/plugins/woocommerce/includes/class-wc-ajax

2017-12-19T18:59:41+00:00 CRITICAL Uncaught Error: Call to a member function get_type() on boolean in /home/italiana/dev.italianafabbrica.com/wp-content/plugins/yith-woocommerce-product-add-ons/includes/class.yith-wapo-frontend.php:564
Stack trace:
#0 /home/italiana/dev.italianafabbrica.com/wp-includes/class-wp-hook.php(286): YITH_WAPO_Frontend->add_to_cart_validation(true, 58, 1)
#1 /home/italiana/dev.italianafabbrica.com/wp-includes/plugin.php(203): WP_Hook->apply_filters(true, Array)
#2 /home/italiana/dev.italianafabbrica.com/wp-content/plugins/woocommerce/includes/class-wc-ajax.php(363): apply_filters('woocommerce_add...', true, 58, 1)
#3 /home/italiana/dev.italianafabbrica.com/wp-includes/class-wp-hook.php(286): WC_AJAX::add_to_cart('')
#4 /home/italiana/dev.italianafabbrica.com/wp-includes/class-wp-hook.php(310): WP_Hook->apply_filters('', Array)
#5 /home/italiana/dev.italianafabbrica.com/wp-includes/plugin.php(453): WP_Hook->do_action(Array)
#6 /home/italiana/dev.italianafabbrica.com/wp-content/plugins/woocommerce/includes/class-wc-ajax

2017-12-20T19:36:19+00:00 CRITICAL Uncaught Error: Call to a member function get_type() on boolean in /home/italiana/dev.italianafabbrica.com/wp-content/plugins/yith-woocommerce-product-add-ons/includes/class.yith-wapo-frontend.php:564
Stack trace:
#0 /home/italiana/dev.italianafabbrica.com/wp-includes/class-wp-hook.php(286): YITH_WAPO_Frontend->add_to_cart_validation(true, 82, 1)
#1 /home/italiana/dev.italianafabbrica.com/wp-includes/plugin.php(203): WP_Hook->apply_filters(true, Array)
#2 /home/italiana/dev.italianafabbrica.com/wp-content/plugins/woocommerce/includes/class-wc-ajax.php(363): apply_filters('woocommerce_add...', true, 82, 1)
#3 /home/italiana/dev.italianafabbrica.com/wp-includes/class-wp-hook.php(286): WC_AJAX::add_to_cart('')
#4 /home/italiana/dev.italianafabbrica.com/wp-includes/class-wp-hook.php(310): WP_Hook->apply_filters('', Array)
#5 /home/italiana/dev.italianafabbrica.com/wp-includes/plugin.php(453): WP_Hook->do_action(Array)
#6 /home/italiana/dev.italianafabbrica.com/wp-content/plugins/woocommerce/includes/class-wc-ajax

2017-12-25T18:58:54+00:00 CRITICAL Uncaught Error: Call to a member function is_rtl() on null in /home/italiana/dev.italianafabbrica.com/wp-includes/script-loader.php:1136
Stack trace:
#0 /home/italiana/dev.italianafabbrica.com/wp-includes/class-wp-hook.php(286): wp_localize_jquery_ui_datepicker('')
#1 /home/italiana/dev.italianafabbrica.com/wp-includes/class-wp-hook.php(310): WP_Hook->apply_filters(NULL, Array)
#2 /home/italiana/dev.italianafabbrica.com/wp-includes/plugin.php(453): WP_Hook->do_action(Array)
#3 /home/italiana/dev.italianafabbrica.com/wp-includes/script-loader.php(1435): do_action('wp_enqueue_scri...')
#4 /home/italiana/dev.italianafabbrica.com/wp-includes/class-wp-customize-manager.php(455): wp_enqueue_scripts()
#5 /home/italiana/dev.italianafabbrica.com/wp-includes/class-wp-customize-manager.php(552): WP_Customize_Manager->wp_die(0, 'Non-existent ch...')
#6 /home/italiana/dev.italianafabbrica.com/wp-includes/class-wp-hook.php(286): WP_Customize_Manager->setup_theme('')
#7 /home/italiana/dev.italianafabbrica.com/wp-includes/cl

2018-02-06T23:11:33+00:00 CRITICAL Uncaught Error: Call to undefined function request_filesystem_credentials() in /home/italiana/public_html/wp-admin/includes/class-wp-upgrader-skin.php:93
Stack trace:
#0 /home/italiana/public_html/wp-admin/includes/class-automatic-upgrader-skin.php(47): WP_Upgrader_Skin->request_filesystem_credentials(false, '/home/italiana/...', true)
#1 /home/italiana/public_html/wp-admin/includes/class-wp-automatic-updater.php(144): Automatic_Upgrader_Skin->request_filesystem_credentials(false, '/home/italiana/...', true)
#2 /home/italiana/public_html/wp-admin/includes/update.php(85): WP_Automatic_Updater->should_update('core', Object(stdClass), '/home/italiana/...')
#3 /home/italiana/public_html/wp-includes/update.php(215): find_core_auto_update()
#4 /home/italiana/public_html/wp-includes/class-wp-hook.php(286): wp_version_check()
#5 /home/italiana/public_html/wp-includes/class-wp-hook.php(310): WP_Hook->apply_filters('', Array)
#6 /home/italiana/public_html/wp-includes/plugin.php(515): WP_Hook->do_action(Array)
#7 /home/

2018-02-07T11:11:04+00:00 CRITICAL Uncaught Error: Call to undefined function request_filesystem_credentials() in /home/italiana/public_html/wp-admin/includes/class-wp-upgrader-skin.php:93
Stack trace:
#0 /home/italiana/public_html/wp-admin/includes/class-automatic-upgrader-skin.php(47): WP_Upgrader_Skin->request_filesystem_credentials(false, '/home/italiana/...', true)
#1 /home/italiana/public_html/wp-admin/includes/class-wp-automatic-updater.php(144): Automatic_Upgrader_Skin->request_filesystem_credentials(false, '/home/italiana/...', true)
#2 /home/italiana/public_html/wp-admin/includes/update.php(85): WP_Automatic_Updater->should_update('core', Object(stdClass), '/home/italiana/...')
#3 /home/italiana/public_html/wp-includes/update.php(215): find_core_auto_update()
#4 /home/italiana/public_html/wp-includes/class-wp-hook.php(286): wp_version_check()
#5 /home/italiana/public_html/wp-includes/class-wp-hook.php(310): WP_Hook->apply_filters('', Array)
#6 /home/italiana/public_html/wp-includes/plugin.php(515): WP_Hook->do_action(Array)
#7 /home/

2018-02-07T23:14:37+00:00 CRITICAL Uncaught Error: Call to undefined function request_filesystem_credentials() in /home/italiana/public_html/wp-admin/includes/class-wp-upgrader-skin.php:93
Stack trace:
#0 /home/italiana/public_html/wp-admin/includes/class-automatic-upgrader-skin.php(47): WP_Upgrader_Skin->request_filesystem_credentials(false, '/home/italiana/...', true)
#1 /home/italiana/public_html/wp-admin/includes/class-wp-automatic-updater.php(144): Automatic_Upgrader_Skin->request_filesystem_credentials(false, '/home/italiana/...', true)
#2 /home/italiana/public_html/wp-admin/includes/update.php(85): WP_Automatic_Updater->should_update('core', Object(stdClass), '/home/italiana/...')
#3 /home/italiana/public_html/wp-includes/update.php(215): find_core_auto_update()
#4 /home/italiana/public_html/wp-includes/class-wp-hook.php(286): wp_version_check()
#5 /home/italiana/public_html/wp-includes/class-wp-hook.php(310): WP_Hook->apply_filters('', Array)
#6 /home/italiana/public_html/wp-includes/plugin.php(515): WP_Hook->do_action(Array)
#7 /home/

